TN:
SF:src\app.js
FN:11,(anonymous_0)
FN:21,(anonymous_1)
FN:36,(anonymous_2)
FN:44,(anonymous_3)
FN:48,(anonymous_4)
FNF:5
FNH:5
FNDA:1,(anonymous_0)
FNDA:1,(anonymous_1)
FNDA:1,(anonymous_2)
FNDA:1,(anonymous_3)
FNDA:1,(anonymous_4)
DA:1,1
DA:2,1
DA:3,1
DA:5,1
DA:7,1
DA:8,1
DA:11,1
DA:12,1
DA:21,1
DA:22,1
DA:33,1
DA:36,1
DA:37,1
DA:38,1
DA:44,1
DA:45,1
DA:48,1
DA:50,1
DA:51,1
DA:57,1
LF:20
LH:20
BRDA:50,0,0,1
BRDA:50,0,1,1
BRDA:52,1,0,1
BRDA:52,1,1,0
BRDA:53,2,0,1
BRDA:53,2,1,1
BRF:6
BRH:5
end_of_record
TN:
SF:src\routes\invoiceRoutes.js
FN:10,(anonymous_0)
FNF:1
FNH:1
FNDA:6,(anonymous_0)
DA:1,1
DA:2,1
DA:3,1
DA:10,1
DA:11,6
DA:12,6
DA:15,6
DA:16,1
DA:20,5
DA:21,1
DA:24,4
DA:25,4
DA:28,2
DA:29,1
DA:33,1
DA:39,2
DA:40,1
DA:44,1
DA:48,1
LF:19
LH:19
BRDA:15,0,0,1
BRDA:15,0,1,5
BRDA:20,1,0,1
BRDA:20,1,1,4
BRDA:20,2,0,5
BRDA:20,2,1,5
BRDA:28,3,0,1
BRDA:28,3,1,1
BRDA:39,4,0,1
BRDA:39,4,1,1
BRF:10
BRH:10
end_of_record
TN:
SF:src\services\invoiceService.js
FN:21,(anonymous_0)
FN:28,(anonymous_1)
FNF:2
FNH:2
FNDA:5,(anonymous_0)
FNDA:7,(anonymous_1)
DA:7,1
DA:21,1
DA:23,5
DA:24,2
DA:28,7
DA:31,3
DA:32,1
DA:37,2
DA:38,1
DA:39,1
DA:40,1
DA:43,1
DA:46,1
LF:13
LH:13
BRDA:23,0,0,2
BRDA:23,0,1,3
BRDA:23,1,0,5
BRDA:23,1,1,4
BRDA:31,2,0,1
BRDA:31,2,1,2
BRDA:37,3,0,1
BRDA:37,3,1,1
BRF:8
BRH:8
end_of_record
